{
  "RSpec": {
    "coverage": {
      "c:/Sites/toy/toy/toyrobot/toyrobot/spec/toyrobot/direction_spec.rb": [
        1,
        1,
        null,
        1,
        1,
        2,
        2,
        2,
        2,
        null,
        null,
        1,
        2,
        2,
        2,
        2,
        null,
        null,
        1,
        2,
        2,
        2,
        2,
        null,
        null
      ],
      "c:/Sites/toy/toy/toyrobot/toyrobot/spec/toyrobot/postions_spec.rb": [
        1,
        1,
        null,
        1,
        1,
        1,
        3,
        3,
        null,
        null,
        2,
        2,
        2,
        null,
        null,
        1,
        1,
        3,
        3,
        null,
        null,
        2,
        2,
        2,
        null,
        null,
        1,
        1,
        3,
        3,
        null,
        null,
        2,
        2,
        2,
        null,
        null,
        1,
        1,
        3,
        3,
        null,
        null,
        2,
        2,
        2,
        null,
        null,
        1,
        1,
        3,
        3,
        null,
        null,
        2,
        2,
        2,
        null,
        null,
        1,
        1,
        3,
        3,
        null,
        null,
        2,
        2,
        2,
        null,
        null
      ],
      "c:/Sites/toy/toy/toyrobot/toyrobot/spec/toyrobot/simulator_spec.rb": [
        1,
        1,
        null,
        1,
        12,
        6,
        3,
        3,
        3,
        null,
        1,
        2,
        null,
        1,
        1,
        null,
        null,
        null,
        1,
        1,
        1,
        1,
        1,
        null,
        1,
        1,
        null,
        null,
        null,
        1,
        1,
        1,
        1,
        null,
        1,
        1,
        null,
        null,
        null,
        null,
        1,
        1,
        3,
        null,
        1,
        1,
        1,
        null,
        null,
        1,
        1,
        1,
        null,
        null,
        null,
        1,
        3,
        null,
        1,
        1,
        1,
        null,
        null,
        1,
        1,
        1,
        null,
        null,
        null,
        1,
        3,
        null,
        1,
        1,
        1,
        null,
        1,
        1,
        1,
        null,
        null,
        null,
        1,
        3,
        null,
        1,
        1,
        1,
        null,
        1,
        1,
        1,
        null,
        null,
        null,
        null
      ],
      "c:/Sites/toy/toy/toyrobot/toyrobot/spec/toyrobot/table_spec.rb": [
        1,
        1,
        null,
        1,
        1,
        10,
        2,
        2,
        2,
        2,
        2,
        2,
        2,
        2,
        2,
        null,
        null
      ]
    },
    "timestamp": 1457271731
  }
}
